88 0.950716 0.037085 0.001998
89 0.951437 0.034024 0.001802
90 0.952143 0.035336 0.001876
91 0.952864 0.034781 0.001794
92 0.953586 0.038474 0.001871
93 0.954308 0.036560 0.001869
94 0.955013 0.040864 0.001944
95 0.955735 0.037765 0.001866
96 0.956456 0.037687 0.002008
97 0.957178 0.035781 0.001895
98 0.957883 0.037311 0.001965
99 0.958605 0.042597 0.001918
100 0.959327 0.040245 0.001984
101 0.960048 0.036807 0.002038
102 0.960754 0.039964 0.002000
103 0.961475 0.037596 0.001871
104 0.962197 0.035021 0.001744
105 0.962918 0.033642 0.001806
106 0.963624 0.036768 0.001878
107 0.964346 0.039558 0.002002
108 0.965067 0.035471 0.001926
109 0.965789 0.034477 0.001788
110 0.966494 0.037407 0.001932
111 0.967216 0.035592 0.001933
112 0.967937 0.039557 0.002204
113 0.968659 0.040834 0.002004
114 0.969365 0.035451 0.001970
