145 0.950379 0.028690 0.002292
146 0.951357 0.033582 0.002379
147 0.952336 0.039301 0.002448
148 0.953313 0.036600 0.002582
149 0.954292 0.023943 0.002704
150 0.955270 0.035858 0.002567
151 0.956232 0.039919 0.002609
152 0.957211 0.038179 0.002991
153 0.958188 0.034693 0.002967
154 0.959167 0.032041 0.002849
155 0.960145 0.035026 0.002369
156 0.961124 0.035602 0.002687
157 0.962102 0.033085 0.002458
158 0.963079 0.035655 0.002709
159 0.964058 0.039996 0.002311
160 0.965036 0.037802 0.002879
161 0.966015 0.035713 0.002741
162 0.966992 0.027547 0.002863
163 0.967971 0.033140 0.002864
164 0.968949 0.038741 0.002707
165 0.969927 0.038747 0.002658
