203 0.950346 0.041341 0.002313
204 0.951323 0.036269 0.003847
205 0.952301 0.040680 0.003142
206 0.953280 0.040816 0.001967
207 0.954258 0.042696 0.001917
208 0.955236 0.042380 0.001813
209 0.956214 0.033191 0.002544
210 0.957193 0.042688 0.002722
211 0.958171 0.040504 0.001822
212 0.959133 0.041532 0.001878
213 0.960111 0.042500 0.002276
214 0.961089 0.037448 0.002511
215 0.962068 0.044224 0.001896
216 0.963046 0.040873 0.001778
217 0.964023 0.043257 0.001817
218 0.965002 0.039669 0.001759
219 0.965980 0.040202 0.001725
220 0.966959 0.040455 0.001708
221 0.967937 0.043686 0.001862
222 0.968915 0.038958 0.001743
223 0.969893 0.040072 0.001856
