227 0.950596 0.032582 0.001766
228 0.951366 0.035483 0.001673
229 0.952151 0.036490 0.001796
230 0.952937 0.037416 0.001739
231 0.953708 0.034724 0.001733
232 0.954493 0.032883 0.001772
233 0.955263 0.038821 0.001953
234 0.956048 0.033594 0.001651
235 0.956834 0.035507 0.001794
236 0.957604 0.032446 0.001751
237 0.958390 0.031240 0.001756
238 0.959176 0.035439 0.001988
239 0.959946 0.035126 0.001957
240 0.960731 0.033473 0.001688
241 0.961517 0.037076 0.001750
242 0.962286 0.033733 0.001784
243 0.963072 0.032422 0.001781
244 0.963859 0.036312 0.001930
245 0.964628 0.032948 0.001698
246 0.965414 0.033121 0.001913
247 0.966200 0.035950 0.002032
248 0.966969 0.036021 0.001861
249 0.967755 0.034416 0.001786
250 0.968541 0.034377 0.001668
251 0.969311 0.033617 0.001709
