14 0.950531 0.028350 0.001895
15 0.951093 0.030064 0.001877
16 0.951653 0.031221 0.002018
17 0.952215 0.027279 0.001871
18 0.952792 0.029734 0.001893
19 0.953353 0.030461 0.001880
20 0.953915 0.033571 0.002013
21 0.954475 0.031733 0.001954
22 0.955037 0.027622 0.001944
23 0.955598 0.031287 0.001990
24 0.956160 0.031917 0.001991
25 0.956721 0.028213 0.001909
26 0.957298 0.033584 0.002011
27 0.957859 0.030244 0.001995
28 0.958421 0.031100 0.001958
29 0.958982 0.028664 0.001882
30 0.959542 0.027447 0.001924
31 0.960104 0.028401 0.001926
32 0.960665 0.027800 0.001905
33 0.961243 0.032050 0.001944
34 0.961804 0.027728 0.001857
35 0.962365 0.028904 0.001772
36 0.962926 0.024661 0.001862
37 0.963488 0.031294 0.001970
38 0.964049 0.028849 0.001946
39 0.964610 0.024939 0.001899
40 0.965171 0.030968 0.002016
41 0.965748 0.026914 0.002041
42 0.966310 0.032212 0.002049
43 0.966871 0.027508 0.001919
44 0.967433 0.027357 0.001910
45 0.967993 0.028999 0.001910
46 0.968555 0.033824 0.001918
47 0.969116 0.025205 0.001811
48 0.969678 0.030497 0.001834
