206 0.950316 0.036471 0.001289
207 0.951229 0.035823 0.001295
208 0.952143 0.034022 0.001229
209 0.953042 0.035238 0.001284
210 0.953956 0.034974 0.001269
211 0.954853 0.035293 0.001290
212 0.955768 0.036788 0.001292
213 0.956682 0.032309 0.001223
214 0.957579 0.037629 0.001286
215 0.958494 0.033363 0.001246
216 0.959392 0.033443 0.001293
217 0.960306 0.036223 0.001234
218 0.961219 0.035415 0.001261
219 0.962118 0.033858 0.001241
220 0.963032 0.036517 0.001278
221 0.963946 0.034727 0.001229
222 0.964844 0.033131 0.001221
223 0.965758 0.034672 0.001259
224 0.966656 0.036775 0.001358
225 0.967570 0.033154 0.001276
226 0.968484 0.035626 0.001271
227 0.969382 0.037075 0.001248
