256 0.995714 0.000659 0.000896
257 0.996628 0.001707 0.000891
258 0.997525 0.001847 0.000886
259 0.998440 0.000861 0.000788
260 0.999338 0.001451 0.000816
261 1.000252 0.001446 0.000781
262 1.001166 0.000263 0.000808
263 1.002064 0.004098 0.000835
264 1.002978 -0.000291 -0.000802
265 1.003877 0.002331 0.000811
266 1.004790 0.001951 0.000800
267 1.005704 0.000828 0.000818
268 1.006603 0.001389 0.000809
269 1.007517 0.000040 0.000776
270 1.008414 0.001478 0.000819
271 1.009329 0.000591 0.000838
272 1.010243 -0.000301 -0.000800
273 1.011140 0.002098 0.000814
274 1.012055 -0.001030 -0.000794
275 1.012969 -0.000496 -0.000812
276 1.013867 -0.000572 -0.000874
277 1.014781 0.000241 0.000792
