93 0.995029 -0.000282 -0.001636
94 0.995590 0.002536 0.001640
95 0.996168 0.002116 0.001676
96 0.996729 -0.002572 -0.001645
97 0.997290 0.001695 0.001639
98 0.997851 0.000331 0.001605
99 0.998412 0.002063 0.001601
100 0.998974 0.001246 0.001634
101 0.999535 0.001046 0.001598
102 1.000096 0.004541 0.001580
103 1.000673 -0.000298 -0.001658
104 1.001235 -0.004845 -0.001669
105 1.001796 0.001122 0.001668
106 1.002358 0.000625 0.001682
107 1.002918 -0.000271 -0.001538
108 1.003479 0.005706 0.001732
109 1.004041 0.003440 0.001708
110 1.004618 0.001366 0.001792
111 1.005179 0.001047 0.001817
112 1.005740 -0.002943 -0.001842
113 1.006302 0.003297 0.001828
114 1.006863 -0.002289 -0.001759
115 1.007425 -0.000412 -0.001861
116 1.007985 0.000866 0.001826
117 1.008547 -0.001357 -0.001866
118 1.008916 -0.001114 -0.002530
119 1.009204 -0.002372 -0.002427
120 1.009685 0.002255 0.002362
121 1.010247 0.005339 0.002556
122 1.010807 -0.002581 -0.002353
123 1.011369 0.000156 0.002149
124 1.011930 0.007025 0.002320
125 1.012492 0.003249 0.002363
126 1.013053 -0.000627 -0.002319
127 1.013630 0.000041 0.002280
128 1.014191 0.007892 0.002302
129 1.014753 0.004859 0.002377
