284 0.995066 0.001794 0.001371
285 0.995835 0.002341 0.001330
286 0.996621 0.001822 0.001261
287 0.997407 0.005429 0.001508
288 0.998176 -0.001400 -0.001345
289 0.998962 0.001134 0.001380
290 0.999749 0.003948 0.001320
291 1.000518 0.001451 0.001253
292 1.001304 0.001663 0.001355
293 1.002089 0.002065 0.001277
294 1.002859 0.001602 0.001291
295 1.003645 0.002256 0.001147
296 1.004431 0.000365 0.001283
297 1.005201 0.001242 0.001205
298 1.005987 0.002424 0.001249
299 1.006772 -0.000961 -0.001319
300 1.007542 0.001441 0.001180
301 1.008327 -0.000527 -0.001263
302 1.009113 0.000782 0.001212
303 1.009884 0.000200 0.001214
304 1.010669 0.000018 0.001201
305 1.011455 -0.000402 -0.001329
306 1.012225 -0.001364 -0.001237
307 1.013010 -0.002157 -0.001248
308 1.013796 0.000822 0.001251
309 1.014566 0.004410 0.001326
