150 0.995196 -0.001693 -0.001348
151 0.995918 0.001913 0.001445
152 0.996639 0.004289 0.001825
153 0.997361 0.000781 0.001336
154 0.998066 0.000540 0.001473
155 0.998788 0.000381 0.001442
156 0.999510 0.001227 0.001454
157 1.000231 0.001104 0.001338
158 1.000937 0.000143 0.001464
159 1.001658 0.000576 0.002165
160 1.002380 0.000844 0.002497
161 1.003101 0.001652 0.001720
162 1.003807 0.000774 0.001589
163 1.004529 0.000970 0.001551
164 1.005250 0.000813 0.001718
165 1.005972 0.000449 0.001536
166 1.006677 0.001687 0.001261
167 1.007399 0.000312 0.001338
168 1.008120 0.003825 0.001568
169 1.008842 -0.002267 -0.001652
170 1.009548 0.002216 0.001475
171 1.010269 -0.001404 -0.001645
172 1.010991 -0.001310 -0.001695
173 1.011712 0.000146 0.001656
174 1.012418 0.000998 0.001832
175 1.013139 -0.000868 -0.001801
176 1.013861 0.001596 0.001768
177 1.014583 0.004674 0.001757
