191 0.995328 0.006155 0.002594
192 0.996307 0.003106 0.002375
193 0.997285 -0.001470 -0.002523
194 0.998264 -0.002095 -0.002740
195 0.999241 -0.001020 -0.003076
196 1.000220 0.000835 0.003002
197 1.001198 0.002751 0.002966
198 1.002176 0.001490 0.002519
199 1.003154 0.003726 0.002465
200 1.004132 0.005094 0.002518
201 1.005111 -0.005866 -0.003539
202 1.006089 -0.004675 -0.002685
203 1.007068 0.000696 0.002684
204 1.008045 -0.003003 -0.002386
205 1.009023 -0.000022 -0.002264
206 1.010002 -0.001753 -0.002183
207 1.010980 -0.000285 -0.002302
208 1.011959 -0.004405 -0.003344
209 1.012920 0.000368 0.002074
210 1.013899 -0.000738 -0.002278
211 1.014877 -0.004486 -0.002844
