249 0.995311 0.001575 0.001535
250 0.996288 0.002982 0.001562
251 0.997251 0.002014 0.001849
252 0.998229 0.003259 0.002085
253 0.999208 0.003368 0.001578
254 1.000185 0.004112 0.001375
255 1.001164 0.001270 0.001270
256 1.002142 0.003054 0.001586
257 1.003120 0.002392 0.001405
258 1.004099 0.000426 0.001598
259 1.005076 0.002214 0.001581
260 1.006055 -0.000849 -0.001560
261 1.007033 0.002570 0.002088
262 1.008011 0.002654 0.001660
263 1.008990 0.001265 0.001354
264 1.009967 -0.000311 -0.001449
265 1.010946 0.000829 0.001568
266 1.011924 -0.001543 -0.001407
267 1.012903 0.000408 0.001452
268 1.013880 0.002569 0.001803
269 1.014858 0.000848 0.001540
